<?xml version="1.0" encoding="UTF-8"?>
<testng-results skipped="0" failed="0" ignored="0" total="1" passed="1">
  <reporter-output>
  </reporter-output>
  <suite name="Suite" duration-ms="13970" started-at="2019-05-18T10:58:07Z" finished-at="2019-05-18T10:58:21Z">
    <groups>
    </groups>
    <test name="Test" duration-ms="13970" started-at="2019-05-18T10:58:07Z" finished-at="2019-05-18T10:58:21Z">
      <class name="testNG.test">
        <test-method status="PASS" signature="test1(java.lang.String, java.lang.String, java.lang.String, java.lang.String, java.lang.String, java.lang.String, java.lang.String, java.lang.String, java.lang.String, java.lang.String, java.lang.String, java.lang.String, java.lang.String, java.lang.String)[pri:0, instance:testNG.test@6574b225]" name="test1" duration-ms="13946" started-at="2019-05-18T10:58:07Z" finished-at="2019-05-18T10:58:21Z">
          <params>
            <param index="0">
              <value>
                <![CDATA[ragu]]>
              </value>
            </param>
            <param index="1">
              <value>
                <![CDATA[kulandaivelu]]>
              </value>
            </param>
            <param index="2">
              <value>
                <![CDATA[Kelambakkam]]>
              </value>
            </param>
            <param index="3">
              <value>
                <![CDATA[karurragu@gmail.com]]>
              </value>
            </param>
            <param index="4">
              <value>
                <![CDATA[8754074899]]>
              </value>
            </param>
            <param index="5">
              <value>
                <![CDATA[Male]]>
              </value>
            </param>
            <param index="6">
              <value>
                <![CDATA[Cricket]]>
              </value>
            </param>
            <param index="7">
              <value>
                <![CDATA[English]]>
              </value>
            </param>
            <param index="8">
              <value>
                <![CDATA[ANDROID]]>
              </value>
            </param>
            <param index="9">
              <value>
                <![CDATA[India]]>
              </value>
            </param>
            <param index="10">
              <value>
                <![CDATA[Australia]]>
              </value>
            </param>
            <param index="11">
              <value>
                <![CDATA[16071994]]>
              </value>
            </param>
            <param index="12">
              <value>
                <![CDATA[Summa123]]>
              </value>
            </param>
            <param index="13">
              <value>
                <![CDATA[Summa123]]>
              </value>
            </param>
          </params>
          <reporter-output>
          </reporter-output>
        </test-method> <!-- test1 -->
      </class> <!-- testNG.test -->
    </test> <!-- Test -->
  </suite> <!-- Suite -->
</testng-results>
